<?xml version="1.0" encoding="UTF-8"?>
<!-- Generated by org.testng.reporters.JUnitReportReporter -->
<testsuite hostname="DESKTOP-F84M1HR" failures="0" tests="3" name="com.TestNG.Practice.TestNGPractice" time="0.023" errors="0" timestamp="2024-05-02T19:52:20 EDT" skipped="0">
  <testcase classname="com.TestNG.Practice.TestNGPractice" name="getPayment" time="0.005"/>
  <system-out/>
  <testcase classname="com.TestNG.Practice.TestNGPractice" name="getLogin" time="0.013"/>
  <system-out/>
  <testcase classname="com.TestNG.Practice.TestNGPractice" name="getProduct" time="0.005"/>
  <system-out/>
</testsuite> <!-- com.TestNG.Practice.TestNGPractice -->
