<?xml version="1.0" encoding="UTF-8"?>
<!-- Generated by org.testng.reporters.JUnitReportReporter -->
<testsuite hostname="DESKTOP-F84M1HR" failures="0" tests="1" name="com.Regression.TestRunWithTestNGLogin5" time="0.018" errors="0" timestamp="2024-04-28T18:37:19 EDT" skipped="0">
  <testcase classname="com.Regression.TestRunWithTestNGLogin5" name="getLogin" time="0.018"/>
  <system-out/>
</testsuite> <!-- com.Regression.TestRunWithTestNGLogin5 -->
